Using pre-set license
Built from '2020.3/staging' branch; Version is '2020.3.3f1 (76626098c1c4) revision 7758432'; Using compiler version '192528614'; Build Type 'Release'
OS: 'Windows 10 Enterprise; OS build 19041.928; Version 2004; 64bit' Language: 'en' Physical Memory: 32601 MB
BatchMode: 1, IsHumanControllingUs: 0, StartBugReporterOnCrash: 0, Is64bit: 1, IsPro: 0

 COMMAND LINE ARGUMENTS:
D:\uNITY\Editor\Unity.exe
-adb2
-batchMode
-noUpm
-name
AssetImportWorker0
-projectPath
C:/TFS2021Spring/VGP123_L02_AlwaQedi_Abdullah
-logFile
Logs/AssetImportWorker0.log
-srvPort
52241
Successfully changed project path to: C:/TFS2021Spring/VGP123_L02_AlwaQedi_Abdullah
C:/TFS2021Spring/VGP123_L02_AlwaQedi_Abdullah
Using Asset Import Pipeline V2.
Refreshing native plugins compatible for Editor in 34.71 ms, found 1 plugins.
Preloading 0 native plugins for Editor in 0.00 ms.
Initialize engine version: 2020.3.3f1 (76626098c1c4)
[Subsystems] Discovering subsystems at path D:/uNITY/Editor/Data/Resources/UnitySubsystems
[Subsystems] Discovering subsystems at path C:/TFS2021Spring/VGP123_L02_AlwaQedi_Abdullah/Assets
GfxDevice: creating device client; threaded=0
Direct3D:
    Version:  Direct3D 11.0 [level 11.1]
    Renderer: NVIDIA Quadro RTX 4000 (ID=0x1eb1)
    Vendor:   
    VRAM:     8018 MB
    Driver:   27.21.14.5709
Initialize mono
Mono path[0] = 'D:/uNITY/Editor/Data/Managed'
Mono path[1] = 'D:/uNITY/Editor/Data/MonoBleedingEdge/lib/mono/unityjit'
Mono config path = 'D:/uNITY/Editor/Data/MonoBleedingEdge/etc'
Using monoOptions --debugger-agent=transport=dt_socket,embedding=1,server=y,suspend=n,address=127.0.0.1:56988
Begin MonoManager ReloadAssembly
Registering precompiled unity dll's ...
Register platform support module: D:/uNITY/Editor/Data/PlaybackEngines/WindowsStandaloneSupport/UnityEditor.WindowsStandalone.Extensions.dll
Registered in 0.001850 seconds.
Native extension for WindowsStandalone target not found
Refreshing native plugins compatible for Editor in 36.24 ms, found 1 plugins.
Preloading 0 native plugins for Editor in 0.00 ms.
Invoked RoslynAnalysisRunner static constructor.
RoslynAnalysisRunner will not be running.
RoslynAnalysisRunner has terminated.
Mono: successfully reloaded assembly
- Completed reload, in  1.169 seconds
Platform modules already initialized, skipping
Registering precompiled user dll's ...
Registered in 0.001619 seconds.
Begin MonoManager ReloadAssembly
Native extension for WindowsStandalone target not found
Refreshing native plugins compatible for Editor in 34.89 ms, found 1 plugins.
Preloading 0 native plugins for Editor in 0.00 ms.
Invoked RoslynAnalysisRunner static constructor.
RoslynAnalysisRunner will not be running.
RoslynAnalysisRunner has terminated.
Mono: successfully reloaded assembly
- Completed reload, in  0.897 seconds
Platform modules already initialized, skipping
========================================================================
Worker process is ready to serve import requests
Launched and connected shader compiler UnityShaderCompiler.exe after 0.05 seconds
Refreshing native plugins compatible for Editor in 0.32 ms, found 1 plugins.
Preloading 0 native plugins for Editor in 0.00 ms.
Unloading 1808 Unused Serialized files (Serialized files now loaded: 0)
System memory in use before: 84.8 MB.
System memory in use after: 84.8 MB.

Unloading 24 unused Assets to reduce memory usage. Loaded Objects now: 2250.
Total: 2.426700 ms (FindLiveObjects: 0.273100 ms CreateObjectMapping: 0.102100 ms MarkObjects: 1.905000 ms  DeleteObjects: 0.145700 ms)

========================================================================
Received Import Request.
  path: Assets/Scenes/SampleScene.unity
  artifactKey: Guid(2cda990e2423bbf4892e6590ba056729) Importer(815301076,1909f56bfc062723c751e8b465ee728b)
Start importing Assets/Scenes/SampleScene.unity using Guid(2cda990e2423bbf4892e6590ba056729) Importer(815301076,1909f56bfc062723c751e8b465ee728b)  -> (artifact id: '754173758ca51a17d3f48b5bccd239f8') in 0.010805 seconds
  Import took 0.013553 seconds .

========================================================================
Received Prepare
Registering precompiled user dll's ...
Registered in 0.001474 seconds.
Begin MonoManager ReloadAssembly
Native extension for WindowsStandalone target not found
Refreshing native plugins compatible for Editor in 0.38 ms, found 1 plugins.
Preloading 0 native plugins for Editor in 0.00 ms.
Invoked RoslynAnalysisRunner static constructor.
RoslynAnalysisRunner will not be running.
RoslynAnalysisRunner has terminated.
Mono: successfully reloaded assembly
- Completed reload, in  0.823 seconds
Platform modules already initialized, skipping
Refreshing native plugins compatible for Editor in 0.32 ms, found 1 plugins.
Preloading 0 native plugins for Editor in 0.00 ms.
Unloading 1803 Unused Serialized files (Serialized files now loaded: 0)
System memory in use before: 84.8 MB.
System memory in use after: 84.7 MB.

Unloading 12 unused Assets to reduce memory usage. Loaded Objects now: 2254.
Total: 1.851700 ms (FindLiveObjects: 0.165100 ms CreateObjectMapping: 0.056900 ms MarkObjects: 1.539100 ms  DeleteObjects: 0.089600 ms)

========================================================================
Received Prepare
Registering precompiled user dll's ...
Registered in 0.001968 seconds.
Begin MonoManager ReloadAssembly
Native extension for WindowsStandalone target not found
Refreshing native plugins compatible for Editor in 0.33 ms, found 1 plugins.
Preloading 0 native plugins for Editor in 0.00 ms.
Invoked RoslynAnalysisRunner static constructor.
RoslynAnalysisRunner will not be running.
RoslynAnalysisRunner has terminated.
Mono: successfully reloaded assembly
- Completed reload, in  0.796 seconds
Platform modules already initialized, skipping
Refreshing native plugins compatible for Editor in 0.30 ms, found 1 plugins.
Preloading 0 native plugins for Editor in 0.00 ms.
Unloading 1803 Unused Serialized files (Serialized files now loaded: 0)
System memory in use before: 84.8 MB.
System memory in use after: 84.8 MB.

Unloading 12 unused Assets to reduce memory usage. Loaded Objects now: 2258.
Total: 1.771000 ms (FindLiveObjects: 0.289500 ms CreateObjectMapping: 0.066200 ms MarkObjects: 1.325400 ms  DeleteObjects: 0.089100 ms)

========================================================================
Received Import Request.
  Time since last request: 334.951591 seconds.
  path: Assets/Script
  artifactKey: Guid(d6af250e80f4fdf47a03be3fb6a6f1c1) Importer(815301076,1909f56bfc062723c751e8b465ee728b)
Start importing Assets/Script using Guid(d6af250e80f4fdf47a03be3fb6a6f1c1) Importer(815301076,1909f56bfc062723c751e8b465ee728b)  -> (artifact id: 'f450ca1cedffca69b6f5f27bf05347e7') in 0.005121 seconds
  Import took 0.007609 seconds .

========================================================================
Received Prepare
Registering precompiled user dll's ...
Registered in 0.001702 seconds.
Begin MonoManager ReloadAssembly
Native extension for WindowsStandalone target not found
Refreshing native plugins compatible for Editor in 0.32 ms, found 1 plugins.
Preloading 0 native plugins for Editor in 0.00 ms.
Invoked RoslynAnalysisRunner static constructor.
RoslynAnalysisRunner will not be running.
RoslynAnalysisRunner has terminated.
Mono: successfully reloaded assembly
- Completed reload, in  0.809 seconds
Platform modules already initialized, skipping
Refreshing native plugins compatible for Editor in 0.32 ms, found 1 plugins.
Preloading 0 native plugins for Editor in 0.00 ms.
Unloading 1804 Unused Serialized files (Serialized files now loaded: 0)
System memory in use before: 84.9 MB.
System memory in use after: 84.8 MB.

Unloading 12 unused Assets to reduce memory usage. Loaded Objects now: 2263.
Total: 2.050600 ms (FindLiveObjects: 0.237800 ms CreateObjectMapping: 0.063500 ms MarkObjects: 1.652000 ms  DeleteObjects: 0.096400 ms)

========================================================================
Received Import Request.
  Time since last request: 124.445838 seconds.
  path: Assets/PlayerMovment.cs
  artifactKey: Guid(7e4ca01fae0b2e944b7fc4b39c04f4fd) Importer(815301076,1909f56bfc062723c751e8b465ee728b)
Start importing Assets/PlayerMovment.cs using Guid(7e4ca01fae0b2e944b7fc4b39c04f4fd) Importer(815301076,1909f56bfc062723c751e8b465ee728b)  -> (artifact id: '6738c0e7535db9548333e7740b07ef84') in 0.032146 seconds
  Import took 0.034646 seconds .

========================================================================
Received Prepare
Registering precompiled user dll's ...
Registered in 0.001674 seconds.
Begin MonoManager ReloadAssembly
Native extension for WindowsStandalone target not found
Refreshing native plugins compatible for Editor in 0.30 ms, found 1 plugins.
Preloading 0 native plugins for Editor in 0.00 ms.
Invoked RoslynAnalysisRunner static constructor.
RoslynAnalysisRunner will not be running.
RoslynAnalysisRunner has terminated.
Mono: successfully reloaded assembly
- Completed reload, in  0.863 seconds
Platform modules already initialized, skipping
Refreshing native plugins compatible for Editor in 0.33 ms, found 1 plugins.
Preloading 0 native plugins for Editor in 0.00 ms.
Unloading 1804 Unused Serialized files (Serialized files now loaded: 0)
System memory in use before: 84.9 MB.
System memory in use after: 84.8 MB.

Unloading 12 unused Assets to reduce memory usage. Loaded Objects now: 2267.
Total: 1.949400 ms (FindLiveObjects: 0.304200 ms CreateObjectMapping: 0.088400 ms MarkObjects: 1.455300 ms  DeleteObjects: 0.100000 ms)

========================================================================
Received Import Request.
  Time since last request: 59.015513 seconds.
  path: Assets/PlayerMovment.cs
  artifactKey: Guid(7e4ca01fae0b2e944b7fc4b39c04f4fd) Importer(815301076,1909f56bfc062723c751e8b465ee728b)
Start importing Assets/PlayerMovment.cs using Guid(7e4ca01fae0b2e944b7fc4b39c04f4fd) Importer(815301076,1909f56bfc062723c751e8b465ee728b)  -> (artifact id: 'b3998eb2bb3cb7af3cad989d17e1e161') in 0.004933 seconds
  Import took 0.007300 seconds .

========================================================================
Received Prepare
Registering precompiled user dll's ...
Registered in 0.001942 seconds.
Begin MonoManager ReloadAssembly
Native extension for WindowsStandalone target not found
Refreshing native plugins compatible for Editor in 0.32 ms, found 1 plugins.
Preloading 0 native plugins for Editor in 0.00 ms.
Invoked RoslynAnalysisRunner static constructor.
RoslynAnalysisRunner will not be running.
RoslynAnalysisRunner has terminated.
Mono: successfully reloaded assembly
- Completed reload, in  0.815 seconds
Platform modules already initialized, skipping
Refreshing native plugins compatible for Editor in 0.31 ms, found 1 plugins.
Preloading 0 native plugins for Editor in 0.00 ms.
Unloading 1804 Unused Serialized files (Serialized files now loaded: 0)
System memory in use before: 84.9 MB.
System memory in use after: 84.9 MB.

Unloading 12 unused Assets to reduce memory usage. Loaded Objects now: 2271.
Total: 1.773600 ms (FindLiveObjects: 0.188300 ms CreateObjectMapping: 0.090300 ms MarkObjects: 1.376000 ms  DeleteObjects: 0.118200 ms)

========================================================================
Received Import Request.
  Time since last request: 533.334795 seconds.
  path: Assets/Sprites/Player/Sprite_Mario.png
  artifactKey: Guid(b6fa1d3af8c03aa4e8b1ca997c0475fb) Importer(815301076,1909f56bfc062723c751e8b465ee728b)
Start importing Assets/Sprites/Player/Sprite_Mario.png using Guid(b6fa1d3af8c03aa4e8b1ca997c0475fb) Importer(815301076,1909f56bfc062723c751e8b465ee728b)  -> (artifact id: '325346163a9acb32f6ec5ec2da862e97') in 0.232376 seconds
  Import took 0.236028 seconds .

========================================================================
Received Import Request.
  Time since last request: 521.610882 seconds.
  path: Assets/Sprites/Player/Animations/Player.controller
  artifactKey: Guid(6dd14b33e0ace9e4f8bd8988ce0b70a6) Importer(815301076,1909f56bfc062723c751e8b465ee728b)
Start importing Assets/Sprites/Player/Animations/Player.controller using Guid(6dd14b33e0ace9e4f8bd8988ce0b70a6) Importer(815301076,1909f56bfc062723c751e8b465ee728b)  -> (artifact id: '58fe6eedffeb3a2fd8ee0a15324c0239') in 0.008537 seconds
  Import took 0.011926 seconds .

========================================================================
Received Import Request.
  Time since last request: 0.225162 seconds.
  path: Assets/Sprites/Player/Animations/Player.controller
  artifactKey: Guid(6dd14b33e0ace9e4f8bd8988ce0b70a6) Importer(815301076,1909f56bfc062723c751e8b465ee728b)
Start importing Assets/Sprites/Player/Animations/Player.controller using Guid(6dd14b33e0ace9e4f8bd8988ce0b70a6) Importer(815301076,1909f56bfc062723c751e8b465ee728b)  -> (artifact id: '58fe6eedffeb3a2fd8ee0a15324c0239') in 0.003723 seconds
  Import took 0.006501 seconds .

========================================================================
Received Prepare
Registering precompiled user dll's ...
Registered in 0.001722 seconds.
Begin MonoManager ReloadAssembly
Native extension for WindowsStandalone target not found
Refreshing native plugins compatible for Editor in 0.35 ms, found 1 plugins.
Preloading 0 native plugins for Editor in 0.00 ms.
Invoked RoslynAnalysisRunner static constructor.
RoslynAnalysisRunner will not be running.
RoslynAnalysisRunner has terminated.
Mono: successfully reloaded assembly
- Completed reload, in  0.892 seconds
Platform modules already initialized, skipping
Refreshing native plugins compatible for Editor in 0.32 ms, found 1 plugins.
Preloading 0 native plugins for Editor in 0.00 ms.
Unloading 1804 Unused Serialized files (Serialized files now loaded: 0)
System memory in use before: 88.1 MB.
System memory in use after: 88.0 MB.

Unloading 12 unused Assets to reduce memory usage. Loaded Objects now: 2344.
Total: 3.109600 ms (FindLiveObjects: 0.434000 ms CreateObjectMapping: 0.212800 ms MarkObjects: 2.323900 ms  DeleteObjects: 0.136900 ms)

========================================================================
Received Import Request.
  Time since last request: 815.512687 seconds.
  path: Assets/Script/PlayerMovement.cs
  artifactKey: Guid(7e4ca01fae0b2e944b7fc4b39c04f4fd) Importer(815301076,1909f56bfc062723c751e8b465ee728b)
Start importing Assets/Script/PlayerMovement.cs using Guid(7e4ca01fae0b2e944b7fc4b39c04f4fd) Importer(815301076,1909f56bfc062723c751e8b465ee728b)  -> (artifact id: '5e262ad374b960561e5fffd0f329618c') in 0.006336 seconds
  Import took 0.009603 seconds .

========================================================================
Received Prepare
Registering precompiled user dll's ...
Registered in 0.001981 seconds.
Begin MonoManager ReloadAssembly
Native extension for WindowsStandalone target not found
Refreshing native plugins compatible for Editor in 0.35 ms, found 1 plugins.
Preloading 0 native plugins for Editor in 0.00 ms.
Invoked RoslynAnalysisRunner static constructor.
RoslynAnalysisRunner will not be running.
RoslynAnalysisRunner has terminated.
Mono: successfully reloaded assembly
- Completed reload, in  0.806 seconds
Platform modules already initialized, skipping
Refreshing native plugins compatible for Editor in 0.33 ms, found 1 plugins.
Preloading 0 native plugins for Editor in 0.00 ms.
Unloading 1804 Unused Serialized files (Serialized files now loaded: 0)
System memory in use before: 88.1 MB.
System memory in use after: 88.1 MB.

Unloading 12 unused Assets to reduce memory usage. Loaded Objects now: 2348.
Total: 2.733200 ms (FindLiveObjects: 0.302700 ms CreateObjectMapping: 0.207700 ms MarkObjects: 2.082200 ms  DeleteObjects: 0.139000 ms)

========================================================================
Received Import Request.
  Time since last request: 36.527348 seconds.
  path: ProjectSettings/TagManager.asset
  artifactKey: Guid(00000000000000003000000000000000) Importer(815301076,1909f56bfc062723c751e8b465ee728b)
Start importing ProjectSettings/TagManager.asset using Guid(00000000000000003000000000000000) Importer(815301076,1909f56bfc062723c751e8b465ee728b)  -> (artifact id: '35b665ed8193a219c9207cab44c6ed13') in 0.015928 seconds
  Import took 0.019883 seconds .

========================================================================
Received Import Request.
  Time since last request: 0.001321 seconds.
  path: ProjectSettings/TagManager.asset
  artifactKey: Guid(00000000000000003000000000000000) Importer(815301076,1909f56bfc062723c751e8b465ee728b)
Start importing ProjectSettings/TagManager.asset using Guid(00000000000000003000000000000000) Importer(815301076,1909f56bfc062723c751e8b465ee728b)  -> (artifact id: '35b665ed8193a219c9207cab44c6ed13') in 0.004054 seconds
  Import took 0.006769 seconds .

========================================================================
Received Prepare
Registering precompiled user dll's ...
Registered in 0.002325 seconds.
Begin MonoManager ReloadAssembly
Native extension for WindowsStandalone target not found
Refreshing native plugins compatible for Editor in 0.32 ms, found 1 plugins.
Preloading 0 native plugins for Editor in 0.00 ms.
Invoked RoslynAnalysisRunner static constructor.
RoslynAnalysisRunner will not be running.
RoslynAnalysisRunner has terminated.
Mono: successfully reloaded assembly
- Completed reload, in  0.797 seconds
Platform modules already initialized, skipping
Refreshing native plugins compatible for Editor in 0.32 ms, found 1 plugins.
Preloading 0 native plugins for Editor in 0.00 ms.
Unloading 1804 Unused Serialized files (Serialized files now loaded: 0)
System memory in use before: 88.1 MB.
System memory in use after: 88.1 MB.

Unloading 14 unused Assets to reduce memory usage. Loaded Objects now: 2352.
Total: 3.227000 ms (FindLiveObjects: 0.369600 ms CreateObjectMapping: 0.160200 ms MarkObjects: 2.569300 ms  DeleteObjects: 0.125100 ms)

========================================================================
Received Prepare
Registering precompiled user dll's ...
Registered in 0.001835 seconds.
Begin MonoManager ReloadAssembly
Native extension for WindowsStandalone target not found
Refreshing native plugins compatible for Editor in 0.40 ms, found 1 plugins.
Preloading 0 native plugins for Editor in 0.00 ms.
Invoked RoslynAnalysisRunner static constructor.
RoslynAnalysisRunner will not be running.
RoslynAnalysisRunner has terminated.
Mono: successfully reloaded assembly
- Completed reload, in  0.812 seconds
Platform modules already initialized, skipping
Refreshing native plugins compatible for Editor in 0.32 ms, found 1 plugins.
Preloading 0 native plugins for Editor in 0.00 ms.
Unloading 1804 Unused Serialized files (Serialized files now loaded: 0)
System memory in use before: 88.1 MB.
System memory in use after: 88.1 MB.

Unloading 12 unused Assets to reduce memory usage. Loaded Objects now: 2356.
Total: 1.980200 ms (FindLiveObjects: 0.305900 ms CreateObjectMapping: 0.107100 ms MarkObjects: 1.464300 ms  DeleteObjects: 0.101700 ms)

========================================================================
Received Prepare
Registering precompiled user dll's ...
Registered in 0.002048 seconds.
Begin MonoManager ReloadAssembly
Native extension for WindowsStandalone target not found
Refreshing native plugins compatible for Editor in 0.35 ms, found 1 plugins.
Preloading 0 native plugins for Editor in 0.00 ms.
Invoked RoslynAnalysisRunner static constructor.
RoslynAnalysisRunner will not be running.
RoslynAnalysisRunner has terminated.
Mono: successfully reloaded assembly
- Completed reload, in  0.828 seconds
Platform modules already initialized, skipping
Refreshing native plugins compatible for Editor in 0.31 ms, found 1 plugins.
Preloading 0 native plugins for Editor in 0.00 ms.
Unloading 1804 Unused Serialized files (Serialized files now loaded: 0)
System memory in use before: 88.1 MB.
System memory in use after: 88.1 MB.

Unloading 12 unused Assets to reduce memory usage. Loaded Objects now: 2360.
Total: 2.063900 ms (FindLiveObjects: 0.266300 ms CreateObjectMapping: 0.056100 ms MarkObjects: 1.617000 ms  DeleteObjects: 0.123600 ms)

========================================================================
Received Prepare
Registering precompiled user dll's ...
Registered in 0.001868 seconds.
Begin MonoManager ReloadAssembly
Native extension for WindowsStandalone target not found
Refreshing native plugins compatible for Editor in 0.31 ms, found 1 plugins.
Preloading 0 native plugins for Editor in 0.00 ms.
Invoked RoslynAnalysisRunner static constructor.
RoslynAnalysisRunner will not be running.
RoslynAnalysisRunner has terminated.
Mono: successfully reloaded assembly
- Completed reload, in  0.809 seconds
Platform modules already initialized, skipping
Refreshing native plugins compatible for Editor in 0.31 ms, found 1 plugins.
Preloading 0 native plugins for Editor in 0.00 ms.
Unloading 1804 Unused Serialized files (Serialized files now loaded: 0)
System memory in use before: 88.1 MB.
System memory in use after: 88.1 MB.

Unloading 12 unused Assets to reduce memory usage. Loaded Objects now: 2364.
Total: 2.873000 ms (FindLiveObjects: 0.488600 ms CreateObjectMapping: 0.101900 ms MarkObjects: 2.171700 ms  DeleteObjects: 0.108600 ms)

========================================================================
Received Prepare
Registering precompiled user dll's ...
Registered in 0.002288 seconds.
Begin MonoManager ReloadAssembly
Native extension for WindowsStandalone target not found
Refreshing native plugins compatible for Editor in 0.36 ms, found 1 plugins.
Preloading 0 native plugins for Editor in 0.00 ms.
Invoked RoslynAnalysisRunner static constructor.
RoslynAnalysisRunner will not be running.
RoslynAnalysisRunner has terminated.
Mono: successfully reloaded assembly
- Completed reload, in  0.839 seconds
Platform modules already initialized, skipping
Refreshing native plugins compatible for Editor in 0.34 ms, found 1 plugins.
Preloading 0 native plugins for Editor in 0.00 ms.
Unloading 1804 Unused Serialized files (Serialized files now loaded: 0)
System memory in use before: 88.1 MB.
System memory in use after: 88.1 MB.

Unloading 12 unused Assets to reduce memory usage. Loaded Objects now: 2368.
Total: 1.688900 ms (FindLiveObjects: 0.169100 ms CreateObjectMapping: 0.056600 ms MarkObjects: 1.360700 ms  DeleteObjects: 0.101700 ms)

========================================================================
Received Import Request.
  Time since last request: 605.141250 seconds.
  path: Assets/Sprites/Player/Animations/Player.controller
  artifactKey: Guid(6dd14b33e0ace9e4f8bd8988ce0b70a6) Importer(815301076,1909f56bfc062723c751e8b465ee728b)
Start importing Assets/Sprites/Player/Animations/Player.controller using Guid(6dd14b33e0ace9e4f8bd8988ce0b70a6) Importer(815301076,1909f56bfc062723c751e8b465ee728b)  -> (artifact id: '36b3634dbf21fa67bbb7afed2b8eeaa2') in 0.015158 seconds
  Import took 0.018441 seconds .

