Using pre-set license
Built from '2020.3/staging' branch; Version is '2020.3.3f1 (76626098c1c4) revision 7758432'; Using compiler version '192528614'; Build Type 'Release'
OS: 'Windows 10 Enterprise; OS build 19041.928; Version 2004; 64bit' Language: 'en' Physical Memory: 32601 MB
BatchMode: 1, IsHumanControllingUs: 0, StartBugReporterOnCrash: 0, Is64bit: 1, IsPro: 0

 COMMAND LINE ARGUMENTS:
D:\uNITY\Editor\Unity.exe
-adb2
-batchMode
-noUpm
-name
AssetImportWorker0
-projectPath
D:/VGP123_L02_AlwaQedi_Abdullah
-logFile
Logs/AssetImportWorker0.log
-srvPort
53971
Successfully changed project path to: D:/VGP123_L02_AlwaQedi_Abdullah
D:/VGP123_L02_AlwaQedi_Abdullah
Using Asset Import Pipeline V2.
Refreshing native plugins compatible for Editor in 33.30 ms, found 1 plugins.
Preloading 0 native plugins for Editor in 0.00 ms.
Initialize engine version: 2020.3.3f1 (76626098c1c4)
[Subsystems] Discovering subsystems at path D:/uNITY/Editor/Data/Resources/UnitySubsystems
[Subsystems] Discovering subsystems at path D:/VGP123_L02_AlwaQedi_Abdullah/Assets
GfxDevice: creating device client; threaded=0
Direct3D:
    Version:  Direct3D 11.0 [level 11.1]
    Renderer: NVIDIA Quadro RTX 4000 (ID=0x1eb1)
    Vendor:   
    VRAM:     8018 MB
    Driver:   27.21.14.5709
Initialize mono
Mono path[0] = 'D:/uNITY/Editor/Data/Managed'
Mono path[1] = 'D:/uNITY/Editor/Data/MonoBleedingEdge/lib/mono/unityjit'
Mono config path = 'D:/uNITY/Editor/Data/MonoBleedingEdge/etc'
Using monoOptions --debugger-agent=transport=dt_socket,embedding=1,server=y,suspend=n,address=127.0.0.1:56652
Begin MonoManager ReloadAssembly
Registering precompiled unity dll's ...
Register platform support module: D:/uNITY/Editor/Data/PlaybackEngines/WindowsStandaloneSupport/UnityEditor.WindowsStandalone.Extensions.dll
Registered in 0.001679 seconds.
Native extension for WindowsStandalone target not found
Refreshing native plugins compatible for Editor in 31.39 ms, found 1 plugins.
Preloading 0 native plugins for Editor in 0.00 ms.
Invoked RoslynAnalysisRunner static constructor.
RoslynAnalysisRunner will not be running.
RoslynAnalysisRunner has terminated.
Mono: successfully reloaded assembly
- Completed reload, in  1.068 seconds
Platform modules already initialized, skipping
Registering precompiled user dll's ...
Registered in 0.001427 seconds.
Begin MonoManager ReloadAssembly
Native extension for WindowsStandalone target not found
Refreshing native plugins compatible for Editor in 31.56 ms, found 1 plugins.
Preloading 0 native plugins for Editor in 0.00 ms.
Invoked RoslynAnalysisRunner static constructor.
RoslynAnalysisRunner will not be running.
RoslynAnalysisRunner has terminated.
Mono: successfully reloaded assembly
- Completed reload, in  0.844 seconds
Platform modules already initialized, skipping
========================================================================
Worker process is ready to serve import requests
Launched and connected shader compiler UnityShaderCompiler.exe after 0.05 seconds
Refreshing native plugins compatible for Editor in 0.30 ms, found 1 plugins.
Preloading 0 native plugins for Editor in 0.00 ms.
Unloading 1808 Unused Serialized files (Serialized files now loaded: 0)
System memory in use before: 84.8 MB.
System memory in use after: 84.8 MB.

Unloading 24 unused Assets to reduce memory usage. Loaded Objects now: 2250.
Total: 2.416400 ms (FindLiveObjects: 0.161800 ms CreateObjectMapping: 0.062600 ms MarkObjects: 2.082200 ms  DeleteObjects: 0.108900 ms)

========================================================================
Received Import Request.
  path: Assets
  artifactKey: Guid(00000000000000001000000000000000) Importer(815301076,1909f56bfc062723c751e8b465ee728b)
Start importing Assets using Guid(00000000000000001000000000000000) Importer(815301076,1909f56bfc062723c751e8b465ee728b)  -> (artifact id: 'b2e0e235c0f4af3754229b664788db90') in 0.019415 seconds
  Import took 0.021753 seconds .

========================================================================
Received Import Request.
  Time since last request: 3.954282 seconds.
  path: Assets/Scenes
  artifactKey: Guid(bd2d8a773a7b18041bfff837347acb6f) Importer(815301076,1909f56bfc062723c751e8b465ee728b)
Start importing Assets/Scenes using Guid(bd2d8a773a7b18041bfff837347acb6f) Importer(815301076,1909f56bfc062723c751e8b465ee728b)  -> (artifact id: '202850919e3b49d08388e335941e0417') in 0.004011 seconds
  Import took 0.006496 seconds .

========================================================================
Received Import Request.
  Time since last request: 24.181926 seconds.
  path: Assets/Player
  artifactKey: Guid(f02030e3073ee6f49823be2c57283faf) Importer(815301076,1909f56bfc062723c751e8b465ee728b)
Start importing Assets/Player using Guid(f02030e3073ee6f49823be2c57283faf) Importer(815301076,1909f56bfc062723c751e8b465ee728b)  -> (artifact id: '70d815c8044851bc54189943cc5bc849') in 0.003860 seconds
  Import took 0.006196 seconds .

========================================================================
Received Import Request.
  Time since last request: 19.906126 seconds.
  path: Assets/Enemies
  artifactKey: Guid(223ba3432efd37d45897323900dbbd90) Importer(815301076,1909f56bfc062723c751e8b465ee728b)
Start importing Assets/Enemies using Guid(223ba3432efd37d45897323900dbbd90) Importer(815301076,1909f56bfc062723c751e8b465ee728b)  -> (artifact id: '38924782779ce58f2f24a094c2bd1888') in 0.004189 seconds
  Import took 0.006819 seconds .

========================================================================
Received Import Request.
  Time since last request: 24.032420 seconds.
  path: Assets/Misc
  artifactKey: Guid(6018d48339d1ea04db5c0456e891525e) Importer(815301076,1909f56bfc062723c751e8b465ee728b)
Start importing Assets/Misc using Guid(6018d48339d1ea04db5c0456e891525e) Importer(815301076,1909f56bfc062723c751e8b465ee728b)  -> (artifact id: 'b81369ae36cada6af1d51c577d306ba3') in 0.003835 seconds
  Import took 0.006644 seconds .

========================================================================
Received Import Request.
  Time since last request: 20.680580 seconds.
  path: Assets/Sprites
  artifactKey: Guid(d4d8b04da9415f14f9e77b4225e694a5) Importer(815301076,1909f56bfc062723c751e8b465ee728b)
Start importing Assets/Sprites using Guid(d4d8b04da9415f14f9e77b4225e694a5) Importer(815301076,1909f56bfc062723c751e8b465ee728b)  -> (artifact id: '061ac6923aeea7501adfa42ecee3ca8f') in 0.003678 seconds
  Import took 0.006103 seconds .

========================================================================
Received Import Request.
  Time since last request: 170.882147 seconds.
  path: Assets/Sprites/Misc/DonutPlains1_DONE.png
  artifactKey: Guid(4baa1818c55aaf8439984ace716aa958) Importer(815301076,1909f56bfc062723c751e8b465ee728b)
Start importing Assets/Sprites/Misc/DonutPlains1_DONE.png using Guid(4baa1818c55aaf8439984ace716aa958) Importer(815301076,1909f56bfc062723c751e8b465ee728b)  -> (artifact id: '4ef55e13ba092e96b674b3b3be6b3045') in 0.155602 seconds
  Import took 0.158169 seconds .

========================================================================
Received Import Request.
  Time since last request: 8.148166 seconds.
  path: Assets/Sprites/Misc/DonutPlains1_DONE.png
  artifactKey: Guid(4baa1818c55aaf8439984ace716aa958) Importer(815301076,1909f56bfc062723c751e8b465ee728b)
Start importing Assets/Sprites/Misc/DonutPlains1_DONE.png using Guid(4baa1818c55aaf8439984ace716aa958) Importer(815301076,1909f56bfc062723c751e8b465ee728b)  -> (artifact id: 'e4f98cac9540263715497e0f0aa669de') in 0.008278 seconds
  Import took 0.010743 seconds .

========================================================================
Received Import Request.
  Time since last request: 33.469159 seconds.
  path: Assets/Sprites/Misc/DonutPlains1_DONE.png
  artifactKey: Guid(4baa1818c55aaf8439984ace716aa958) Importer(815301076,1909f56bfc062723c751e8b465ee728b)
Start importing Assets/Sprites/Misc/DonutPlains1_DONE.png using Guid(4baa1818c55aaf8439984ace716aa958) Importer(815301076,1909f56bfc062723c751e8b465ee728b)  -> (artifact id: 'd1221e3e14b5114b3f87facb9fc36b89') in 0.007838 seconds
  Import took 0.010759 seconds .

========================================================================
Received Import Request.
  Time since last request: 55.464699 seconds.
  path: Assets/Sprites/Misc/DonutPlains1_DONE.png
  artifactKey: Guid(4baa1818c55aaf8439984ace716aa958) Importer(815301076,1909f56bfc062723c751e8b465ee728b)
Start importing Assets/Sprites/Misc/DonutPlains1_DONE.png using Guid(4baa1818c55aaf8439984ace716aa958) Importer(815301076,1909f56bfc062723c751e8b465ee728b)  -> (artifact id: 'f3bf58775e6a03faa372e8d856efb9c9') in 0.029078 seconds
  Import took 0.032105 seconds .

========================================================================
Received Import Request.
  Time since last request: 90.838213 seconds.
  path: Assets/Sprites/Misc/DonutPlains1_DONE.png
  artifactKey: Guid(4baa1818c55aaf8439984ace716aa958) Importer(815301076,1909f56bfc062723c751e8b465ee728b)
Start importing Assets/Sprites/Misc/DonutPlains1_DONE.png using Guid(4baa1818c55aaf8439984ace716aa958) Importer(815301076,1909f56bfc062723c751e8b465ee728b)  -> (artifact id: '8b06b82386bfbe532d44ee9bea2dc508') in 0.049915 seconds
  Import took 0.052763 seconds .

========================================================================
Received Import Request.
  Time since last request: 5.219428 seconds.
  path: Assets/Sprites/Player/Sprite_Mario.png
  artifactKey: Guid(b6fa1d3af8c03aa4e8b1ca997c0475fb) Importer(815301076,1909f56bfc062723c751e8b465ee728b)
Start importing Assets/Sprites/Player/Sprite_Mario.png using Guid(b6fa1d3af8c03aa4e8b1ca997c0475fb) Importer(815301076,1909f56bfc062723c751e8b465ee728b)  -> (artifact id: 'f89755e2cfa3afb732b5250a52651c0f') in 0.010552 seconds
  Import took 0.013227 seconds .

========================================================================
Received Import Request.
  Time since last request: 0.001971 seconds.
  path: Assets/Sprites/Player/Sprite_Mario.png
  artifactKey: Guid(b6fa1d3af8c03aa4e8b1ca997c0475fb) Importer(815301076,1909f56bfc062723c751e8b465ee728b)
Start importing Assets/Sprites/Player/Sprite_Mario.png using Guid(b6fa1d3af8c03aa4e8b1ca997c0475fb) Importer(815301076,1909f56bfc062723c751e8b465ee728b)  -> (artifact id: 'f89755e2cfa3afb732b5250a52651c0f') in 0.009618 seconds
  Import took 0.012609 seconds .

========================================================================
Received Import Request.
  Time since last request: 5.057326 seconds.
  path: Assets/Sprites/Player/Sprite_Mario.png
  artifactKey: Guid(b6fa1d3af8c03aa4e8b1ca997c0475fb) Importer(815301076,1909f56bfc062723c751e8b465ee728b)
Start importing Assets/Sprites/Player/Sprite_Mario.png using Guid(b6fa1d3af8c03aa4e8b1ca997c0475fb) Importer(815301076,1909f56bfc062723c751e8b465ee728b)  -> (artifact id: '1c4ad75be7cc38ed579a811d63607db4') in 0.010384 seconds
  Import took 0.012933 seconds .

========================================================================
Received Import Request.
  Time since last request: 216.823114 seconds.
  path: Assets/Sprites/Player/Sprite_Mario.png
  artifactKey: Guid(b6fa1d3af8c03aa4e8b1ca997c0475fb) Importer(815301076,1909f56bfc062723c751e8b465ee728b)
Start importing Assets/Sprites/Player/Sprite_Mario.png using Guid(b6fa1d3af8c03aa4e8b1ca997c0475fb) Importer(815301076,1909f56bfc062723c751e8b465ee728b)  -> (artifact id: 'a7dce7bee7b310ed5ce2764f193aadcb') in 0.085803 seconds
  Import took 0.088424 seconds .

========================================================================
Received Import Request.
  Time since last request: 32.066868 seconds.
  path: Assets/Sprites/Player/Sprite_Mario.png
  artifactKey: Guid(b6fa1d3af8c03aa4e8b1ca997c0475fb) Importer(815301076,1909f56bfc062723c751e8b465ee728b)
Start importing Assets/Sprites/Player/Sprite_Mario.png using Guid(b6fa1d3af8c03aa4e8b1ca997c0475fb) Importer(815301076,1909f56bfc062723c751e8b465ee728b)  -> (artifact id: 'e5b32cbf921ff978ef57be44a53cbb2e') in 0.064668 seconds
  Import took 0.067554 seconds .

========================================================================
Received Import Request.
  Time since last request: 57.128352 seconds.
  path: ProjectSettings/TagManager.asset
  artifactKey: Guid(00000000000000003000000000000000) Importer(815301076,1909f56bfc062723c751e8b465ee728b)
Start importing ProjectSettings/TagManager.asset using Guid(00000000000000003000000000000000) Importer(815301076,1909f56bfc062723c751e8b465ee728b)  -> (artifact id: '3125bf62d54dbcdd0ce3e4c540a7aa4e') in 0.007984 seconds
  Import took 0.010690 seconds .

========================================================================
Received Import Request.
  Time since last request: 0.010488 seconds.
  path: ProjectSettings/TagManager.asset
  artifactKey: Guid(00000000000000003000000000000000) Importer(815301076,1909f56bfc062723c751e8b465ee728b)
Start importing ProjectSettings/TagManager.asset using Guid(00000000000000003000000000000000) Importer(815301076,1909f56bfc062723c751e8b465ee728b)  -> (artifact id: '3125bf62d54dbcdd0ce3e4c540a7aa4e') in 0.003547 seconds
  Import took 0.005996 seconds .

========================================================================
Received Import Request.
  Time since last request: 67.606429 seconds.
  path: Assets/Sprites/Player/Sprite_Mario.png
  artifactKey: Guid(b6fa1d3af8c03aa4e8b1ca997c0475fb) Importer(815301076,1909f56bfc062723c751e8b465ee728b)
Start importing Assets/Sprites/Player/Sprite_Mario.png using Guid(b6fa1d3af8c03aa4e8b1ca997c0475fb) Importer(815301076,1909f56bfc062723c751e8b465ee728b)  -> (artifact id: 'b583058fc8b85442d217bf06965e7676') in 0.067741 seconds
  Import took 0.070750 seconds .

========================================================================
Received Import Request.
  Time since last request: 8.957947 seconds.
  path: Assets/Sprites/Player/Sprite_Mario.png
  artifactKey: Guid(b6fa1d3af8c03aa4e8b1ca997c0475fb) Importer(815301076,1909f56bfc062723c751e8b465ee728b)
Start importing Assets/Sprites/Player/Sprite_Mario.png using Guid(b6fa1d3af8c03aa4e8b1ca997c0475fb) Importer(815301076,1909f56bfc062723c751e8b465ee728b)  -> (artifact id: 'f740c27a3387c0d11b1d1211acb63bf7') in 0.069074 seconds
  Import took 0.071906 seconds .

========================================================================
Received Import Request.
  Time since last request: 537.507663 seconds.
  path: Assets/Sprites/Player/Sprite_Mario.png
  artifactKey: Guid(b6fa1d3af8c03aa4e8b1ca997c0475fb) Importer(815301076,1909f56bfc062723c751e8b465ee728b)
Start importing Assets/Sprites/Player/Sprite_Mario.png using Guid(b6fa1d3af8c03aa4e8b1ca997c0475fb) Importer(815301076,1909f56bfc062723c751e8b465ee728b)  -> (artifact id: '0850bc4e4f42c52a28c10edcfcdc805c') in 0.071377 seconds
  Import took 0.074723 seconds .

========================================================================
Received Prepare
Registering precompiled user dll's ...
Registered in 0.001360 seconds.
Begin MonoManager ReloadAssembly
Native extension for WindowsStandalone target not found
Refreshing native plugins compatible for Editor in 0.72 ms, found 1 plugins.
Preloading 0 native plugins for Editor in 0.00 ms.
Invoked RoslynAnalysisRunner static constructor.
RoslynAnalysisRunner will not be running.
RoslynAnalysisRunner has terminated.
Mono: successfully reloaded assembly
- Completed reload, in  0.796 seconds
Platform modules already initialized, skipping
Refreshing native plugins compatible for Editor in 0.37 ms, found 1 plugins.
Preloading 0 native plugins for Editor in 0.00 ms.
Unloading 1803 Unused Serialized files (Serialized files now loaded: 0)
System memory in use before: 88.0 MB.
System memory in use after: 88.0 MB.

Unloading 14 unused Assets to reduce memory usage. Loaded Objects now: 2360.
Total: 1.718600 ms (FindLiveObjects: 0.190100 ms CreateObjectMapping: 0.068600 ms MarkObjects: 1.363600 ms  DeleteObjects: 0.095400 ms)

========================================================================
Received Prepare
Registering precompiled user dll's ...
Registered in 0.001372 seconds.
Begin MonoManager ReloadAssembly
Native extension for WindowsStandalone target not found
Refreshing native plugins compatible for Editor in 0.33 ms, found 1 plugins.
Preloading 0 native plugins for Editor in 0.00 ms.
Invoked RoslynAnalysisRunner static constructor.
RoslynAnalysisRunner will not be running.
RoslynAnalysisRunner has terminated.
Mono: successfully reloaded assembly
- Completed reload, in  0.798 seconds
Platform modules already initialized, skipping
Refreshing native plugins compatible for Editor in 0.35 ms, found 1 plugins.
Preloading 0 native plugins for Editor in 0.00 ms.
Unloading 1803 Unused Serialized files (Serialized files now loaded: 0)
System memory in use before: 88.1 MB.
System memory in use after: 88.1 MB.

Unloading 12 unused Assets to reduce memory usage. Loaded Objects now: 2364.
Total: 2.069900 ms (FindLiveObjects: 0.281800 ms CreateObjectMapping: 0.105600 ms MarkObjects: 1.583500 ms  DeleteObjects: 0.097600 ms)

========================================================================
Received Prepare
Registering precompiled user dll's ...
Registered in 0.001719 seconds.
Begin MonoManager ReloadAssembly
Native extension for WindowsStandalone target not found
Refreshing native plugins compatible for Editor in 0.32 ms, found 1 plugins.
Preloading 0 native plugins for Editor in 0.00 ms.
Invoked RoslynAnalysisRunner static constructor.
RoslynAnalysisRunner will not be running.
RoslynAnalysisRunner has terminated.
Mono: successfully reloaded assembly
- Completed reload, in  0.793 seconds
Platform modules already initialized, skipping
Refreshing native plugins compatible for Editor in 0.46 ms, found 1 plugins.
Preloading 0 native plugins for Editor in 0.00 ms.
Unloading 1803 Unused Serialized files (Serialized files now loaded: 0)
System memory in use before: 88.1 MB.
System memory in use after: 88.1 MB.

Unloading 12 unused Assets to reduce memory usage. Loaded Objects now: 2368.
Total: 1.917500 ms (FindLiveObjects: 0.207200 ms CreateObjectMapping: 0.057700 ms MarkObjects: 1.555500 ms  DeleteObjects: 0.096200 ms)

========================================================================
Received Prepare
Registering precompiled user dll's ...
Registered in 0.002030 seconds.
Begin MonoManager ReloadAssembly
Native extension for WindowsStandalone target not found
Refreshing native plugins compatible for Editor in 0.30 ms, found 1 plugins.
Preloading 0 native plugins for Editor in 0.00 ms.
Invoked RoslynAnalysisRunner static constructor.
RoslynAnalysisRunner will not be running.
RoslynAnalysisRunner has terminated.
Mono: successfully reloaded assembly
- Completed reload, in  0.771 seconds
Platform modules already initialized, skipping
Refreshing native plugins compatible for Editor in 0.33 ms, found 1 plugins.
Preloading 0 native plugins for Editor in 0.00 ms.
Unloading 1803 Unused Serialized files (Serialized files now loaded: 0)
System memory in use before: 88.1 MB.
System memory in use after: 88.1 MB.

Unloading 12 unused Assets to reduce memory usage. Loaded Objects now: 2372.
Total: 2.041000 ms (FindLiveObjects: 0.195000 ms CreateObjectMapping: 0.076500 ms MarkObjects: 1.669800 ms  DeleteObjects: 0.098900 ms)

========================================================================
Received Import Request.
  Time since last request: 1466.782710 seconds.
  path: Assets/Sprites/Enemies/Sprite_Enemies.png
  artifactKey: Guid(2d6c798ba4188214ab54d35b4ac6078e) Importer(815301076,1909f56bfc062723c751e8b465ee728b)
Start importing Assets/Sprites/Enemies/Sprite_Enemies.png using Guid(2d6c798ba4188214ab54d35b4ac6078e) Importer(815301076,1909f56bfc062723c751e8b465ee728b)  -> (artifact id: '3ea2831f4ba9264868eade7a160beabc') in 0.053800 seconds
  Import took 0.057484 seconds .

========================================================================
Received Import Request.
  Time since last request: 0.001687 seconds.
  path: Assets/Sprites/Enemies/Sprite_Enemies.png
  artifactKey: Guid(2d6c798ba4188214ab54d35b4ac6078e) Importer(815301076,1909f56bfc062723c751e8b465ee728b)
Start importing Assets/Sprites/Enemies/Sprite_Enemies.png using Guid(2d6c798ba4188214ab54d35b4ac6078e) Importer(815301076,1909f56bfc062723c751e8b465ee728b)  -> (artifact id: '3ea2831f4ba9264868eade7a160beabc') in 0.016083 seconds
  Import took 0.018888 seconds .

========================================================================
Received Import Request.
  Time since last request: 41.447237 seconds.
  path: Assets/Sprites/Enemies/Sprite_Enemies.png
  artifactKey: Guid(2d6c798ba4188214ab54d35b4ac6078e) Importer(815301076,1909f56bfc062723c751e8b465ee728b)
Start importing Assets/Sprites/Enemies/Sprite_Enemies.png using Guid(2d6c798ba4188214ab54d35b4ac6078e) Importer(815301076,1909f56bfc062723c751e8b465ee728b)  -> (artifact id: '477ae2a509092860bab6be83f352bb32') in 0.011220 seconds
  Import took 0.014305 seconds .

========================================================================
Received Import Request.
  Time since last request: 15.026537 seconds.
  path: Assets/Sprites/Enemies/Sprite_Enemies.png
  artifactKey: Guid(2d6c798ba4188214ab54d35b4ac6078e) Importer(815301076,1909f56bfc062723c751e8b465ee728b)
Start importing Assets/Sprites/Enemies/Sprite_Enemies.png using Guid(2d6c798ba4188214ab54d35b4ac6078e) Importer(815301076,1909f56bfc062723c751e8b465ee728b)  -> (artifact id: 'f6cafd69cff5c8b6b22d4cf5a5861180') in 0.730613 seconds
  Import took 0.735491 seconds .

========================================================================
Received Import Request.
  Time since last request: 51.411733 seconds.
  path: Assets/Sprites/Misc/SuperMarioWorld-ChocolateIsland-ChocolateIsland1.png
  artifactKey: Guid(96063bfe2c8cfc74daa0b41995cdcac2) Importer(815301076,1909f56bfc062723c751e8b465ee728b)
Start importing Assets/Sprites/Misc/SuperMarioWorld-ChocolateIsland-ChocolateIsland1.png using Guid(96063bfe2c8cfc74daa0b41995cdcac2) Importer(815301076,1909f56bfc062723c751e8b465ee728b)  -> (artifact id: '482078f8f30ceed79b7b1d5f747e89a0') in 0.016797 seconds
  Import took 0.019498 seconds .

========================================================================
Received Import Request.
  Time since last request: 386.694556 seconds.
  path: Assets/Sprites/Enemies/Sprite_Enemies.png
  artifactKey: Guid(2d6c798ba4188214ab54d35b4ac6078e) Importer(815301076,1909f56bfc062723c751e8b465ee728b)
Start importing Assets/Sprites/Enemies/Sprite_Enemies.png using Guid(2d6c798ba4188214ab54d35b4ac6078e) Importer(815301076,1909f56bfc062723c751e8b465ee728b)  -> (artifact id: '12988ddb616c6b78b2222de79bb1511f') in 0.789385 seconds
  Import took 0.795260 seconds .

========================================================================
Received Import Request.
  Time since last request: 156.717605 seconds.
  path: Assets/Sprites/Enemies/Sprite_Enemies.png
  artifactKey: Guid(2d6c798ba4188214ab54d35b4ac6078e) Importer(815301076,1909f56bfc062723c751e8b465ee728b)
Start importing Assets/Sprites/Enemies/Sprite_Enemies.png using Guid(2d6c798ba4188214ab54d35b4ac6078e) Importer(815301076,1909f56bfc062723c751e8b465ee728b)  -> (artifact id: 'f24a262c4c400aada91eff77cd5ecb09') in 0.602582 seconds
  Import took 0.607889 seconds .

========================================================================
Received Import Request.
  Time since last request: 62.739024 seconds.
  path: Assets/Sprites/Enemies/Sprite_Enemies.png
  artifactKey: Guid(2d6c798ba4188214ab54d35b4ac6078e) Importer(815301076,1909f56bfc062723c751e8b465ee728b)
Start importing Assets/Sprites/Enemies/Sprite_Enemies.png using Guid(2d6c798ba4188214ab54d35b4ac6078e) Importer(815301076,1909f56bfc062723c751e8b465ee728b)  -> (artifact id: 'a0ff28624546accc65573ec6f7c2d2ea') in 0.606625 seconds
  Import took 0.611992 seconds .

========================================================================
Received Import Request.
  Time since last request: 103.711633 seconds.
  path: Assets/Sprites/Enemies/Sprite_Enemies.png
  artifactKey: Guid(2d6c798ba4188214ab54d35b4ac6078e) Importer(815301076,1909f56bfc062723c751e8b465ee728b)
Start importing Assets/Sprites/Enemies/Sprite_Enemies.png using Guid(2d6c798ba4188214ab54d35b4ac6078e) Importer(815301076,1909f56bfc062723c751e8b465ee728b)  -> (artifact id: 'd7210a3ad10faf7521bb6f52280e8031') in 0.603745 seconds
  Import took 0.608979 seconds .

========================================================================
Received Import Request.
  Time since last request: 721.712907 seconds.
  path: Assets/Sprites/Player/Sprite_Mario.png
  artifactKey: Guid(b6fa1d3af8c03aa4e8b1ca997c0475fb) Importer(815301076,1909f56bfc062723c751e8b465ee728b)
Start importing Assets/Sprites/Player/Sprite_Mario.png using Guid(b6fa1d3af8c03aa4e8b1ca997c0475fb) Importer(815301076,1909f56bfc062723c751e8b465ee728b)  -> (artifact id: '4c50257d03a3f00efefc6e6a587ac41b') in 0.064704 seconds
  Import took 0.067980 seconds .

========================================================================
Received Prepare
Registering precompiled user dll's ...
Registered in 0.001884 seconds.
Begin MonoManager ReloadAssembly
Native extension for WindowsStandalone target not found
Refreshing native plugins compatible for Editor in 0.31 ms, found 1 plugins.
Preloading 0 native plugins for Editor in 0.00 ms.
Invoked RoslynAnalysisRunner static constructor.
RoslynAnalysisRunner will not be running.
RoslynAnalysisRunner has terminated.
Mono: successfully reloaded assembly
- Completed reload, in  0.768 seconds
Platform modules already initialized, skipping
Refreshing native plugins compatible for Editor in 0.30 ms, found 1 plugins.
Preloading 0 native plugins for Editor in 0.00 ms.
Unloading 1803 Unused Serialized files (Serialized files now loaded: 0)
System memory in use before: 89.2 MB.
System memory in use after: 89.2 MB.

Unloading 12 unused Assets to reduce memory usage. Loaded Objects now: 2679.
Total: 2.013800 ms (FindLiveObjects: 0.360400 ms CreateObjectMapping: 0.090000 ms MarkObjects: 1.470200 ms  DeleteObjects: 0.092300 ms)

AssetImportWorkerClient::OnTransportError - code=2 error=End of file
